<?xml version="1.0" encoding="UTF-8"?>
<testng-results ignored="0" total="1" passed="0" failed="1" skipped="0">
  <reporter-output>
  </reporter-output>
  <suite started-at="2025-04-16T16:37:42Z" name="Default suite" finished-at="2025-04-16T16:37:43Z" duration-ms="1135">
    <groups>
      <group name="cucumber">
        <method signature="AbstractTestNGCucumberTests.runScenario(io.cucumber.testng.PickleWrapper, io.cucumber.testng.FeatureWrapper)[pri:0, instance:cucumber.TestNGTestRunner@3d3e5463]" name="runScenario" class="io.cucumber.testng.AbstractTestNGCucumberTests"/>
      </group> <!-- cucumber -->
    </groups>
    <test started-at="2025-04-16T16:37:42Z" name="Default test" finished-at="2025-04-16T16:37:43Z" duration-ms="1135">
      <class name="cucumber.TestNGTestRunner">
        <test-method is-config="true" signature="setUpClass(org.testng.ITestContext)[pri:0, instance:cucumber.TestNGTestRunner@3d3e5463]" started-at="2025-04-16T16:37:42Z" name="setUpClass" finished-at="2025-04-16T16:37:43Z" duration-ms="769" status="PASS">
          <params>
            <param index="0">
              <value>
                <![CDATA[org.testng.TestRunner@3350ebdd]]>
              </value>
            </param>
          </params>
          <reporter-output>
          </reporter-output>
        </test-method> <!-- setUpClass -->
        <test-method signature="runScenario(io.cucumber.testng.PickleWrapper, io.cucumber.testng.FeatureWrapper)[pri:0, instance:cucumber.TestNGTestRunner@3d3e5463]" started-at="2025-04-16T16:37:43Z" name="runScenario" description="Runs Cucumber Scenarios" data-provider="scenarios" finished-at="2025-04-16T16:37:43Z" duration-ms="237" status="FAIL">
          <params>
            <param index="0">
              <value>
                <![CDATA["Positive Test of Submitting the order"]]>
              </value>
            </param>
            <param index="1">
              <value>
                <![CDATA["Purchase the order from Ecommerce Website"]]>
              </value>
            </param>
          </params>
          <exception class="java.lang.IllegalStateException">
            <message>
              <![CDATA[The path to the driver executable The path to the driver executable must be set by the webdriver.chrome.driver system property; for more information, see https://chromedriver.chromium.org/. The latest version can be downloaded from https://chromedriver.chromium.org/downloads]]>
            </message>
            <full-stacktrace>
              <![CDATA[java.lang.IllegalStateException: The path to the driver executable The path to the driver executable must be set by the webdriver.chrome.driver system property; for more information, see https://chromedriver.chromium.org/. The latest version can be downloaded from https://chromedriver.chromium.org/downloads
at org.openqa.selenium.internal.Require$StateChecker.nonNull(Require.java:311)
at org.openqa.selenium.remote.service.DriverService.findExecutable(DriverService.java:135)
at org.openqa.selenium.chrome.ChromeDriverService.access$000(ChromeDriverService.java:39)
at org.openqa.selenium.chrome.ChromeDriverService$Builder.findDefaultExecutable(ChromeDriverService.java:233)
at org.openqa.selenium.remote.service.DriverService$Builder.build(DriverService.java:437)
at org.openqa.selenium.chrome.ChromeDriverService.createServiceWithConfig(ChromeDriverService.java:142)
at org.openqa.selenium.chrome.ChromeDriver.<init>(ChromeDriver.java:70)
at rahulshettyacademy.TestComponents.BaseTest.initializeDriver(BaseTest.java:56)
at rahulshettyacademy.TestComponents.BaseTest.launchApplication(BaseTest.java:108)
at rahulshettyacademy.stepDefinitions.StepDefinitionImpl.I_landed_on_Ecommerce_Page(StepDefinitionImpl.java:27)
at ✽.I landed on Ecommerce Page(file:///E:/Applications/Eclipse/Rahul/SeleniumFrameworkDesign2/src/test/java/cucumber/SubmitOrder.feature:7)
]]>
            </full-stacktrace>
          </exception> <!-- java.lang.IllegalStateException -->
          <reporter-output>
          </reporter-output>
        </test-method> <!-- runScenario -->
        <test-method is-config="true" signature="tearDownClass()[pri:0, instance:cucumber.TestNGTestRunner@3d3e5463]" started-at="2025-04-16T16:37:43Z" name="tearDownClass" finished-at="2025-04-16T16:37:43Z" duration-ms="102" status="PASS">
          <reporter-output>
          </reporter-output>
        </test-method> <!-- tearDownClass -->
      </class> <!-- cucumber.TestNGTestRunner -->
    </test> <!-- Default test -->
  </suite> <!-- Default suite -->
</testng-results>
